app/build/intermediates/manifest_merge_blame_file/debug/manifest-merger-blame-debug-report.txt
1<?xml version="1.0" encoding="utf-8"?>
2<manifest xmlns:android="http://schemas.android.com/apk/res/android"
3    package="com.dawn.libupgrade"
4    android:versionCode="1"
5    android:versionName="1.0.0" >
6
7    <uses-sdk
8        android:minSdkVersion="28"
8-->src\main\AndroidManifest.xml
9        android:targetSdkVersion="34" />
9-->src\main\AndroidManifest.xml
10
11    <uses-permission android:name="android.permission.INTERNET" />
11-->src\main\AndroidManifest.xml:4:5-67
11-->src\main\AndroidManifest.xml:4:22-64
12    <uses-permission android:name="android.permission.ACCESS_NETWORK_STATE" />
12-->src\main\AndroidManifest.xml:5:5-79
12-->src\main\AndroidManifest.xml:5:22-76
13    <uses-permission android:name="android.permission.REQUEST_INSTALL_PACKAGES" />
13-->src\main\AndroidManifest.xml:6:5-83
13-->src\main\AndroidManifest.xml:6:22-80
14    <!-- 存储权限（Android 10 以下需要） -->
15    <uses-permission
15-->[:library] AndroidManifest.xml:12:5-14:38
16        android:name="android.permission.WRITE_EXTERNAL_STORAGE"
16-->[:library] AndroidManifest.xml:13:9-65
17        android:maxSdkVersion="28" />
17-->[:library] AndroidManifest.xml:14:9-35
18    <uses-permission
18-->[:library] AndroidManifest.xml:15:5-17:38
19        android:name="android.permission.READ_EXTERNAL_STORAGE"
19-->[:library] AndroidManifest.xml:16:9-64
20        android:maxSdkVersion="32" /> <!-- 前台服务权限 -->
20-->[:library] AndroidManifest.xml:17:9-35
21    <uses-permission android:name="android.permission.FOREGROUND_SERVICE" />
21-->[:library] AndroidManifest.xml:23:5-77
21-->[:library] AndroidManifest.xml:23:22-74
22
23    <permission
23-->[androidx.core:core:1.10.1] AndroidManifest.xml:22:5-24:47
24        android:name="com.dawn.libupgrade.DYNAMIC_RECEIVER_NOT_EXPORTED_PERMISSION"
24-->[androidx.core:core:1.10.1] AndroidManifest.xml:23:9-81
25        android:protectionLevel="signature" />
25-->[androidx.core:core:1.10.1] AndroidManifest.xml:24:9-44
26
27    <uses-permission android:name="com.dawn.libupgrade.DYNAMIC_RECEIVER_NOT_EXPORTED_PERMISSION" />
27-->[androidx.core:core:1.10.1] AndroidManifest.xml:26:5-97
27-->[androidx.core:core:1.10.1] AndroidManifest.xml:26:22-94
28
29    <application
29-->src\main\AndroidManifest.xml:8:5-22:19
30        android:allowBackup="true"
30-->src\main\AndroidManifest.xml:9:9-35
31        android:appComponentFactory="androidx.core.app.CoreComponentFactory"
31-->[androidx.core:core:1.10.1] AndroidManifest.xml:28:18-86
32        android:debuggable="true"
33        android:extractNativeLibs="false"
34        android:label="@string/app_name"
34-->src\main\AndroidManifest.xml:10:9-41
35        android:supportsRtl="true"
35-->src\main\AndroidManifest.xml:11:9-35
36        android:theme="@style/Theme.AppCompat.Light.DarkActionBar" >
36-->src\main\AndroidManifest.xml:12:9-67
37        <activity
37-->src\main\AndroidManifest.xml:14:9-21:20
38            android:name="com.dawn.libupgrade.MainActivity"
38-->src\main\AndroidManifest.xml:15:13-41
39            android:exported="true" >
39-->src\main\AndroidManifest.xml:16:13-36
40            <intent-filter>
40-->src\main\AndroidManifest.xml:17:13-20:29
41                <action android:name="android.intent.action.MAIN" />
41-->src\main\AndroidManifest.xml:18:17-69
41-->src\main\AndroidManifest.xml:18:25-66
42
43                <category android:name="android.intent.category.LAUNCHER" />
43-->src\main\AndroidManifest.xml:19:17-77
43-->src\main\AndroidManifest.xml:19:27-74
44            </intent-filter>
45        </activity>
46        <!-- 下载前台服务 -->
47        <service
47-->[:library] AndroidManifest.xml:28:9-31:56
48            android:name="com.dawn.lib_upgrade.DownloadService"
48-->[:library] AndroidManifest.xml:29:13-64
49            android:exported="false"
49-->[:library] AndroidManifest.xml:30:13-37
50            android:foregroundServiceType="dataSync" /> <!-- FileProvider（用于 Android 7.0+ APK 安装） -->
50-->[:library] AndroidManifest.xml:31:13-53
51        <provider
51-->[:library] AndroidManifest.xml:34:9-42:20
52            android:name="androidx.core.content.FileProvider"
52-->[:library] AndroidManifest.xml:35:13-62
53            android:authorities="com.dawn.libupgrade.upgrade.fileprovider"
53-->[:library] AndroidManifest.xml:36:13-72
54            android:exported="false"
54-->[:library] AndroidManifest.xml:37:13-37
55            android:grantUriPermissions="true" >
55-->[:library] AndroidManifest.xml:38:13-47
56            <meta-data
56-->[:library] AndroidManifest.xml:39:13-41:62
57                android:name="android.support.FILE_PROVIDER_PATHS"
57-->[:library] AndroidManifest.xml:40:17-67
58                android:resource="@xml/upgrade_file_paths" />
58-->[:library] AndroidManifest.xml:41:17-59
59        </provider>
60        <provider
60-->[androidx.emoji2:emoji2:1.2.0] AndroidManifest.xml:24:9-32:20
61            android:name="androidx.startup.InitializationProvider"
61-->[androidx.emoji2:emoji2:1.2.0] AndroidManifest.xml:25:13-67
62            android:authorities="com.dawn.libupgrade.androidx-startup"
62-->[androidx.emoji2:emoji2:1.2.0] AndroidManifest.xml:26:13-68
63            android:exported="false" >
63-->[androidx.emoji2:emoji2:1.2.0] AndroidManifest.xml:27:13-37
64            <meta-data
64-->[androidx.emoji2:emoji2:1.2.0] AndroidManifest.xml:29:13-31:52
65                android:name="androidx.emoji2.text.EmojiCompatInitializer"
65-->[androidx.emoji2:emoji2:1.2.0] AndroidManifest.xml:30:17-75
66                android:value="androidx.startup" />
66-->[androidx.emoji2:emoji2:1.2.0] AndroidManifest.xml:31:17-49
67            <meta-data
67-->[androidx.lifecycle:lifecycle-process:2.4.1] AndroidManifest.xml:31:13-33:52
68                android:name="androidx.lifecycle.ProcessLifecycleInitializer"
68-->[androidx.lifecycle:lifecycle-process:2.4.1] AndroidManifest.xml:32:17-78
69                android:value="androidx.startup" />
69-->[androidx.lifecycle:lifecycle-process:2.4.1] AndroidManifest.xml:33:17-49
70        </provider>
71    </application>
72
73</manifest>